<?xml version="1.0" encoding="UTF-8"?>
<!-- Generated by org.testng.reporters.JUnitReportReporter -->
<testsuite skipped="0" hostname="camilo" name="testcases.Booking" tests="1" failures="0" timestamp="2022-01-22T21:30:41 AMT" time="27.809" errors="0">
  <testcase name="BookNewHatchBack" time="27.809" classname="testcases.Booking"/>
  <system-out/>
</testsuite> <!-- testcases.Booking -->
