<?xml version="1.0" encoding="UTF-8"?>
<!-- Generated by org.testng.reporters.JUnitReportReporter -->
<testsuite skipped="0" hostname="camilo" name="testcases.Booking" tests="1" failures="0" timestamp="2022-01-22T16:18:47 AMT" time="2.385" errors="0">
  <testcase name="BookNewHatchBack" time="2.385" classname="testcases.Booking"/>
  <system-out/>
</testsuite> <!-- testcases.Booking -->
